[    3295ms] [INFO] %cDownload the React DevTools for a better development experience: https://react.dev/link/react-devtools font-weight:bold @ webpack-internal:///(app-pages-browser)/./node_modules/next/dist/next-devtools/shared/forward-logs-shared.js:27
[    3721ms] [LOG] [HMR] connected @ webpack-internal:///(app-pages-browser)/./node_modules/next/dist/next-devtools/shared/forward-logs-shared.js:27
[    5899ms] [ERROR] Failed to load resource: the server responded with a status of 404 (Not Found) @ http://localhost:3000/favicon.ico:0
[    6151ms] [LOG] [route-perf] nav (first) -> /pos/kitchen @ webpack-internal:///(app-pages-browser)/./node_modules/next/dist/next-devtools/shared/forward-logs-shared.js:27
[    6153ms] [LOG] [route-perf] query-idle after 4ms @ webpack-internal:///(app-pages-browser)/./node_modules/next/dist/next-devtools/shared/forward-logs-shared.js:27
[   10555ms] [WARNING] The resource http://localhost:3000/_next/static/media/65aef6ddbb47c22f-s.p.woff2?v=1780565902903 was preloaded using link preload but not used within a few seconds from the window's load event. Please make sure it has an appropriate `as` value and it is preloaded intentionally. @ http://localhost:3000/pos/kitchen:0
[   10555ms] [WARNING] The resource http://localhost:3000/_next/static/media/1aca720030934734-s.p.woff2?v=1780565902903 was preloaded using link preload but not used within a few seconds from the window's load event. Please make sure it has an appropriate `as` value and it is preloaded intentionally. @ http://localhost:3000/pos/kitchen:0
[   10555ms] [WARNING] The resource http://localhost:3000/_next/static/media/687cefe982475b52-s.p.woff2?v=1780565902903 was preloaded using link preload but not used within a few seconds from the window's load event. Please make sure it has an appropriate `as` value and it is preloaded intentionally. @ http://localhost:3000/pos/kitchen:0
[   10555ms] [WARNING] The resource http://localhost:3000/_next/static/media/0438b9629284a2a4-s.p.woff2?v=1780565902903 was preloaded using link preload but not used within a few seconds from the window's load event. Please make sure it has an appropriate `as` value and it is preloaded intentionally. @ http://localhost:3000/pos/kitchen:0
[   10559ms] [WARNING] The resource http://localhost:3000/_next/static/media/5e4e072b2e9777fc-s.p.woff2?v=1780565902903 was preloaded using link preload but not used within a few seconds from the window's load event. Please make sure it has an appropriate `as` value and it is preloaded intentionally. @ http://localhost:3000/pos/kitchen:0
[   11391ms] [LOG] [Fast Refresh] rebuilding @ webpack-internal:///(app-pages-browser)/./node_modules/next/dist/next-devtools/shared/forward-logs-shared.js:27
[   21787ms] [LOG] [Fast Refresh] rebuilding @ webpack-internal:///(app-pages-browser)/./node_modules/next/dist/next-devtools/shared/forward-logs-shared.js:27
[   22222ms] [LOG] [Fast Refresh] done in 435ms @ webpack-internal:///(app-pages-browser)/./node_modules/next/dist/next-devtools/shared/forward-logs-shared.js:27
[   22945ms] [LOG] [Fast Refresh] done in 1159ms @ webpack-internal:///(app-pages-browser)/./node_modules/next/dist/next-devtools/shared/forward-logs-shared.js:27
[   22976ms] [LOG] [Fast Refresh] rebuilding @ webpack-internal:///(app-pages-browser)/./node_modules/next/dist/next-devtools/shared/forward-logs-shared.js:27
[   23684ms] [LOG] [Fast Refresh] done in 708ms @ webpack-internal:///(app-pages-browser)/./node_modules/next/dist/next-devtools/shared/forward-logs-shared.js:27
[   27683ms] [WARNING] The resource http://localhost:3000/_next/static/media/65aef6ddbb47c22f-s.p.woff2?v=1780565902903 was preloaded using link preload but not used within a few seconds from the window's load event. Please make sure it has an appropriate `as` value and it is preloaded intentionally. @ http://localhost:3000/pos/kitchen:0
[   27683ms] [WARNING] The resource http://localhost:3000/_next/static/media/1aca720030934734-s.p.woff2?v=1780565902903 was preloaded using link preload but not used within a few seconds from the window's load event. Please make sure it has an appropriate `as` value and it is preloaded intentionally. @ http://localhost:3000/pos/kitchen:0
[   27683ms] [WARNING] The resource http://localhost:3000/_next/static/media/687cefe982475b52-s.p.woff2?v=1780565902903 was preloaded using link preload but not used within a few seconds from the window's load event. Please make sure it has an appropriate `as` value and it is preloaded intentionally. @ http://localhost:3000/pos/kitchen:0
[   27683ms] [WARNING] The resource http://localhost:3000/_next/static/media/0438b9629284a2a4-s.p.woff2?v=1780565902903 was preloaded using link preload but not used within a few seconds from the window's load event. Please make sure it has an appropriate `as` value and it is preloaded intentionally. @ http://localhost:3000/pos/kitchen:0
[   27683ms] [WARNING] The resource http://localhost:3000/_next/static/media/5e4e072b2e9777fc-s.p.woff2?v=1780565902903 was preloaded using link preload but not used within a few seconds from the window's load event. Please make sure it has an appropriate `as` value and it is preloaded intentionally. @ http://localhost:3000/pos/kitchen:0
[   39645ms] [LOG] [Fast Refresh] rebuilding @ webpack-internal:///(app-pages-browser)/./node_modules/next/dist/next-devtools/shared/forward-logs-shared.js:27
[   41551ms] [LOG] [Fast Refresh] done in 1907ms @ webpack-internal:///(app-pages-browser)/./node_modules/next/dist/next-devtools/shared/forward-logs-shared.js:27
[   41972ms] [LOG] [Fast Refresh] rebuilding @ webpack-internal:///(app-pages-browser)/./node_modules/next/dist/next-devtools/shared/forward-logs-shared.js:27
[   46806ms] [LOG] [Fast Refresh] done in 4835ms @ webpack-internal:///(app-pages-browser)/./node_modules/next/dist/next-devtools/shared/forward-logs-shared.js:27
[   46995ms] [LOG] [Fast Refresh] rebuilding @ webpack-internal:///(app-pages-browser)/./node_modules/next/dist/next-devtools/shared/forward-logs-shared.js:27
[   49809ms] [WARNING] The resource http://localhost:3000/_next/static/media/65aef6ddbb47c22f-s.p.woff2?v=1780565902903 was preloaded using link preload but not used within a few seconds from the window's load event. Please make sure it has an appropriate `as` value and it is preloaded intentionally. @ http://localhost:3000/pos/kitchen:0
[   49809ms] [WARNING] The resource http://localhost:3000/_next/static/media/1aca720030934734-s.p.woff2?v=1780565902903 was preloaded using link preload but not used within a few seconds from the window's load event. Please make sure it has an appropriate `as` value and it is preloaded intentionally. @ http://localhost:3000/pos/kitchen:0
[   49809ms] [WARNING] The resource http://localhost:3000/_next/static/media/687cefe982475b52-s.p.woff2?v=1780565902903 was preloaded using link preload but not used within a few seconds from the window's load event. Please make sure it has an appropriate `as` value and it is preloaded intentionally. @ http://localhost:3000/pos/kitchen:0
[   49809ms] [WARNING] The resource http://localhost:3000/_next/static/media/0438b9629284a2a4-s.p.woff2?v=1780565902903 was preloaded using link preload but not used within a few seconds from the window's load event. Please make sure it has an appropriate `as` value and it is preloaded intentionally. @ http://localhost:3000/pos/kitchen:0
[   49809ms] [WARNING] The resource http://localhost:3000/_next/static/media/5e4e072b2e9777fc-s.p.woff2?v=1780565902903 was preloaded using link preload but not used within a few seconds from the window's load event. Please make sure it has an appropriate `as` value and it is preloaded intentionally. @ http://localhost:3000/pos/kitchen:0
[   53857ms] [LOG] [Fast Refresh] rebuilding @ webpack-internal:///(app-pages-browser)/./node_modules/next/dist/next-devtools/shared/forward-logs-shared.js:27
[   54171ms] [LOG] [Fast Refresh] done in 314ms @ webpack-internal:///(app-pages-browser)/./node_modules/next/dist/next-devtools/shared/forward-logs-shared.js:27
[   57178ms] [WARNING] The resource http://localhost:3000/_next/static/media/65aef6ddbb47c22f-s.p.woff2?v=1780565902903 was preloaded using link preload but not used within a few seconds from the window's load event. Please make sure it has an appropriate `as` value and it is preloaded intentionally. @ http://localhost:3000/pos/kitchen:0
[   57179ms] [WARNING] The resource http://localhost:3000/_next/static/media/1aca720030934734-s.p.woff2?v=1780565902903 was preloaded using link preload but not used within a few seconds from the window's load event. Please make sure it has an appropriate `as` value and it is preloaded intentionally. @ http://localhost:3000/pos/kitchen:0
[   57179ms] [WARNING] The resource http://localhost:3000/_next/static/media/687cefe982475b52-s.p.woff2?v=1780565902903 was preloaded using link preload but not used within a few seconds from the window's load event. Please make sure it has an appropriate `as` value and it is preloaded intentionally. @ http://localhost:3000/pos/kitchen:0
[   57179ms] [WARNING] The resource http://localhost:3000/_next/static/media/0438b9629284a2a4-s.p.woff2?v=1780565902903 was preloaded using link preload but not used within a few seconds from the window's load event. Please make sure it has an appropriate `as` value and it is preloaded intentionally. @ http://localhost:3000/pos/kitchen:0
[   57179ms] [WARNING] The resource http://localhost:3000/_next/static/media/5e4e072b2e9777fc-s.p.woff2?v=1780565902903 was preloaded using link preload but not used within a few seconds from the window's load event. Please make sure it has an appropriate `as` value and it is preloaded intentionally. @ http://localhost:3000/pos/kitchen:0
[   68331ms] [LOG] [Fast Refresh] done in 14473ms @ webpack-internal:///(app-pages-browser)/./node_modules/next/dist/next-devtools/shared/forward-logs-shared.js:27
[   68339ms] [LOG] [Fast Refresh] rebuilding @ webpack-internal:///(app-pages-browser)/./node_modules/next/dist/next-devtools/shared/forward-logs-shared.js:27
[   69899ms] [LOG] [Fast Refresh] done in 1560ms @ webpack-internal:///(app-pages-browser)/./node_modules/next/dist/next-devtools/shared/forward-logs-shared.js:27
