[    9854ms] [INFO] %cDownload the React DevTools for a better development experience: https://react.dev/link/react-devtools font-weight:bold @ webpack-internal:///(app-pages-browser)/./node_modules/next/dist/next-devtools/shared/forward-logs-shared.js:27
[   10438ms] [LOG] [HMR] connected @ webpack-internal:///(app-pages-browser)/./node_modules/next/dist/next-devtools/shared/forward-logs-shared.js:27
[   11194ms] [WARNING] Image with src "/brand/logo.png" has either width or height modified, but not the other. If you use CSS to change the size of your image, also include the styles 'width: "auto"' or 'height: "auto"' to maintain the aspect ratio. @ webpack-internal:///(app-pages-browser)/./node_modules/next/dist/next-devtools/shared/forward-logs-shared.js:27
[   11647ms] [LOG] [Fast Refresh] rebuilding @ webpack-internal:///(app-pages-browser)/./node_modules/next/dist/next-devtools/shared/forward-logs-shared.js:27
[   11769ms] [LOG] [route-perf] nav (first) -> /accounts @ webpack-internal:///(app-pages-browser)/./node_modules/next/dist/next-devtools/shared/forward-logs-shared.js:27
[   11772ms] [LOG] [route-perf] query-idle after 3ms @ webpack-internal:///(app-pages-browser)/./node_modules/next/dist/next-devtools/shared/forward-logs-shared.js:27
[   13505ms] [LOG] [Fast Refresh] done in 1858ms @ webpack-internal:///(app-pages-browser)/./node_modules/next/dist/next-devtools/shared/forward-logs-shared.js:27
[   14039ms] [LOG] [route-perf] nav /accounts -> /login @ webpack-internal:///(app-pages-browser)/./node_modules/next/dist/next-devtools/shared/forward-logs-shared.js:27
[   14070ms] [VERBOSE] [DOM] Input elements should have autocomplete attributes (suggested: "current-password"): (More info: https://goo.gl/9p2vKq) %o @ http://localhost:3000/login:0
[   17092ms] [WARNING] The resource http://localhost:3000/_next/static/media/687cefe982475b52-s.p.woff2?v=1782134983339 was preloaded using link preload but not used within a few seconds from the window's load event. Please make sure it has an appropriate `as` value and it is preloaded intentionally. @ http://localhost:3000/login:0
[   17092ms] [WARNING] The resource http://localhost:3000/_next/static/media/0438b9629284a2a4-s.p.woff2?v=1782134983339 was preloaded using link preload but not used within a few seconds from the window's load event. Please make sure it has an appropriate `as` value and it is preloaded intentionally. @ http://localhost:3000/login:0
[   17092ms] [WARNING] The resource http://localhost:3000/_next/static/media/65aef6ddbb47c22f-s.p.woff2?v=1782134983339 was preloaded using link preload but not used within a few seconds from the window's load event. Please make sure it has an appropriate `as` value and it is preloaded intentionally. @ http://localhost:3000/login:0
[   17092ms] [WARNING] The resource http://localhost:3000/_next/static/media/5e4e072b2e9777fc-s.p.woff2?v=1782134983339 was preloaded using link preload but not used within a few seconds from the window's load event. Please make sure it has an appropriate `as` value and it is preloaded intentionally. @ http://localhost:3000/login:0
[   17092ms] [WARNING] The resource http://localhost:3000/_next/static/media/1aca720030934734-s.p.woff2?v=1782134983339 was preloaded using link preload but not used within a few seconds from the window's load event. Please make sure it has an appropriate `as` value and it is preloaded intentionally. @ http://localhost:3000/login:0
[   50183ms] [LOG] [Fast Refresh] rebuilding @ webpack-internal:///(app-pages-browser)/./node_modules/next/dist/next-devtools/shared/forward-logs-shared.js:27
[   52620ms] [WARNING] The resource http://localhost:3000/_next/static/media/687cefe982475b52-s.p.woff2?v=1782134983339 was preloaded using link preload but not used within a few seconds from the window's load event. Please make sure it has an appropriate `as` value and it is preloaded intentionally. @ http://localhost:3000/login:0
[   52623ms] [WARNING] The resource http://localhost:3000/_next/static/media/0438b9629284a2a4-s.p.woff2?v=1782134983339 was preloaded using link preload but not used within a few seconds from the window's load event. Please make sure it has an appropriate `as` value and it is preloaded intentionally. @ http://localhost:3000/login:0
[   52623ms] [WARNING] The resource http://localhost:3000/_next/static/media/65aef6ddbb47c22f-s.p.woff2?v=1782134983339 was preloaded using link preload but not used within a few seconds from the window's load event. Please make sure it has an appropriate `as` value and it is preloaded intentionally. @ http://localhost:3000/login:0
[   52624ms] [WARNING] The resource http://localhost:3000/_next/static/media/5e4e072b2e9777fc-s.p.woff2?v=1782134983339 was preloaded using link preload but not used within a few seconds from the window's load event. Please make sure it has an appropriate `as` value and it is preloaded intentionally. @ http://localhost:3000/login:0
[   52624ms] [WARNING] The resource http://localhost:3000/_next/static/media/1aca720030934734-s.p.woff2?v=1782134983339 was preloaded using link preload but not used within a few seconds from the window's load event. Please make sure it has an appropriate `as` value and it is preloaded intentionally. @ http://localhost:3000/login:0
[   57603ms] [LOG] [Fast Refresh] rebuilding @ webpack-internal:///(app-pages-browser)/./node_modules/next/dist/next-devtools/shared/forward-logs-shared.js:27
[   57726ms] [LOG] [Fast Refresh] done in 122ms @ webpack-internal:///(app-pages-browser)/./node_modules/next/dist/next-devtools/shared/forward-logs-shared.js:27
[   58129ms] [LOG] [Fast Refresh] done in 525ms @ webpack-internal:///(app-pages-browser)/./node_modules/next/dist/next-devtools/shared/forward-logs-shared.js:27
[   64998ms] [WARNING] The resource http://localhost:3000/_next/static/media/687cefe982475b52-s.p.woff2?v=1782134983339 was preloaded using link preload but not used within a few seconds from the window's load event. Please make sure it has an appropriate `as` value and it is preloaded intentionally. @ http://localhost:3000/login:0
[   64998ms] [WARNING] The resource http://localhost:3000/_next/static/media/0438b9629284a2a4-s.p.woff2?v=1782134983339 was preloaded using link preload but not used within a few seconds from the window's load event. Please make sure it has an appropriate `as` value and it is preloaded intentionally. @ http://localhost:3000/login:0
[   64999ms] [WARNING] The resource http://localhost:3000/_next/static/media/65aef6ddbb47c22f-s.p.woff2?v=1782134983339 was preloaded using link preload but not used within a few seconds from the window's load event. Please make sure it has an appropriate `as` value and it is preloaded intentionally. @ http://localhost:3000/login:0
[   64999ms] [WARNING] The resource http://localhost:3000/_next/static/media/5e4e072b2e9777fc-s.p.woff2?v=1782134983339 was preloaded using link preload but not used within a few seconds from the window's load event. Please make sure it has an appropriate `as` value and it is preloaded intentionally. @ http://localhost:3000/login:0
[   64999ms] [WARNING] The resource http://localhost:3000/_next/static/media/1aca720030934734-s.p.woff2?v=1782134983339 was preloaded using link preload but not used within a few seconds from the window's load event. Please make sure it has an appropriate `as` value and it is preloaded intentionally. @ http://localhost:3000/login:0
